16:26:34.426 [main] INFO  testCases.TC_001_AccountRegistrationTest - *** TC_001_AccountRegistrationTest ***
16:26:35.330 [main] INFO  testCases.TC_001_AccountRegistrationTest - Clicked on MyAccount
16:26:39.656 [main] INFO  testCases.TC_001_AccountRegistrationTest - Clicked on Register
16:26:43.453 [main] INFO  testCases.TC_001_AccountRegistrationTest - Provided user info
16:44:14.581 [main] DEBUG io.netty.util.internal.logging.InternalLoggerFactory - Using Log4J2 as the default logging framework
16:44:14.586 [main] DEBUG io.netty.util.ResourceLeakDetector - -Dio.netty.leakDetection.level: simple
16:44:14.586 [main] DEBUG io.netty.util.ResourceLeakDetector - -Dio.netty.leakDetection.targetRecords: 4
16:44:14.588 [main] DEBUG io.netty.util.ResourceLeakDetectorFactory - Loaded default ResourceLeakDetector: io.netty.util.ResourceLeakDetector@36f1046f
16:44:14.604 [main] DEBUG io.netty.util.internal.PlatformDependent0 - -Dio.netty.noUnsafe: false
16:44:14.604 [main] DEBUG io.netty.util.internal.PlatformDependent0 - Java version: 17
16:44:14.606 [main] DEBUG io.netty.util.internal.PlatformDependent0 - sun.misc.Unsafe.theUnsafe: available
16:44:14.608 [main] DEBUG io.netty.util.internal.PlatformDependent0 - sun.misc.Unsafe.copyMemory: available
16:44:14.608 [main] DEBUG io.netty.util.internal.PlatformDependent0 - sun.misc.Unsafe.storeFence: available
16:44:14.609 [main] DEBUG io.netty.util.internal.PlatformDependent0 - java.nio.Buffer.address: available
16:44:14.610 [main] DEBUG io.netty.util.internal.PlatformDependent0 - direct buffer constructor: unavailable: Reflective setAccessible(true) disabled
16:44:14.611 [main] DEBUG io.netty.util.internal.PlatformDependent0 - java.nio.Bits.unaligned: available, true
16:44:14.612 [main] DEBUG io.netty.util.internal.PlatformDependent0 - jdk.internal.misc.Unsafe.allocateUninitializedArray(int): unavailable: class io.netty.util.internal.PlatformDependent0$7 cannot access class jdk.internal.misc.Unsafe (in module java.base) because module java.base does not export jdk.internal.misc to unnamed module @47f6473
16:44:14.613 [main] DEBUG io.netty.util.internal.PlatformDependent0 - java.nio.DirectByteBuffer.<init>(long, int): unavailable
16:44:14.613 [main] DEBUG io.netty.util.internal.PlatformDependent - sun.misc.Unsafe: available
16:44:14.614 [main] DEBUG io.netty.util.internal.PlatformDependent - maxDirectMemory: 2147483648 bytes (maybe)
16:44:14.614 [main] DEBUG io.netty.util.internal.PlatformDependent - -Dio.netty.tmpdir: /var/folders/qk/wv78ppx52_v8c1rqq2zmqk5r0000gn/T (java.io.tmpdir)
16:44:14.614 [main] DEBUG io.netty.util.internal.PlatformDependent - -Dio.netty.bitMode: 64 (sun.arch.data.model)
16:44:14.616 [main] DEBUG io.netty.util.internal.PlatformDependent - Platform: MacOS
16:44:14.617 [main] DEBUG io.netty.util.internal.PlatformDependent - -Dio.netty.maxDirectMemory: -1 bytes
16:44:14.617 [main] DEBUG io.netty.util.internal.PlatformDependent - -Dio.netty.uninitializedArrayAllocationThreshold: -1
16:44:14.618 [main] DEBUG io.netty.util.internal.CleanerJava9 - java.nio.ByteBuffer.cleaner(): available
16:44:14.618 [main] DEBUG io.netty.util.internal.PlatformDependent - -Dio.netty.noPreferDirect: false
16:44:14.626 [main] DEBUG io.netty.util.internal.PlatformDependent - org.jctools-core.MpscChunkedArrayQueue: available
16:44:14.638 [main] DEBUG io.netty.util.internal.InternalThreadLocalMap - -Dio.netty.threadLocalMap.stringBuilder.initialSize: 1024
16:44:14.639 [main] DEBUG io.netty.util.internal.InternalThreadLocalMap - -Dio.netty.threadLocalMap.stringBuilder.maxSize: 4096
16:44:14.676 [main] DEBUG io.netty.handler.ssl.JdkSslContext - Default protocols (JDK): [TLSv1.3, TLSv1.2] 
16:44:14.677 [main] DEBUG io.netty.handler.ssl.JdkSslContext - Default cipher suites (JDK): [TLS_ECDHE_ECDSA_WITH_AES_256_GCM_SHA384, TLS_ECDHE_ECDSA_WITH_AES_128_GCM_SHA256, TLS_ECDHE_RSA_WITH_AES_128_GCM_SHA256, TLS_ECDHE_RSA_WITH_AES_256_GCM_SHA384, TLS_ECDHE_RSA_WITH_AES_128_CBC_SHA, TLS_ECDHE_RSA_WITH_AES_256_CBC_SHA, TLS_RSA_WITH_AES_128_GCM_SHA256, TLS_RSA_WITH_AES_128_CBC_SHA, TLS_RSA_WITH_AES_256_CBC_SHA, TLS_AES_128_GCM_SHA256, TLS_AES_256_GCM_SHA384]
16:44:14.691 [main] DEBUG io.netty.channel.MultithreadEventLoopGroup - -Dio.netty.eventLoopThreads: 16
16:44:14.698 [main] DEBUG io.netty.channel.nio.NioEventLoop - -Dio.netty.noKeySetOptimization: false
16:44:14.698 [main] DEBUG io.netty.channel.nio.NioEventLoop - -Dio.netty.selectorAutoRebuildThreshold: 512
16:44:14.715 [main] DEBUG io.netty.buffer.PooledByteBufAllocator - -Dio.netty.allocator.numHeapArenas: 16
16:44:14.715 [main] DEBUG io.netty.buffer.PooledByteBufAllocator - -Dio.netty.allocator.numDirectArenas: 16
16:44:14.715 [main] DEBUG io.netty.buffer.PooledByteBufAllocator - -Dio.netty.allocator.pageSize: 8192
16:44:14.715 [main] DEBUG io.netty.buffer.PooledByteBufAllocator - -Dio.netty.allocator.maxOrder: 9
16:44:14.715 [main] DEBUG io.netty.buffer.PooledByteBufAllocator - -Dio.netty.allocator.chunkSize: 4194304
16:44:14.715 [main] DEBUG io.netty.buffer.PooledByteBufAllocator - -Dio.netty.allocator.smallCacheSize: 256
16:44:14.715 [main] DEBUG io.netty.buffer.PooledByteBufAllocator - -Dio.netty.allocator.normalCacheSize: 64
16:44:14.716 [main] DEBUG io.netty.buffer.PooledByteBufAllocator - -Dio.netty.allocator.maxCachedBufferCapacity: 32768
16:44:14.716 [main] DEBUG io.netty.buffer.PooledByteBufAllocator - -Dio.netty.allocator.cacheTrimInterval: 8192
16:44:14.716 [main] DEBUG io.netty.buffer.PooledByteBufAllocator - -Dio.netty.allocator.cacheTrimIntervalMillis: 0
16:44:14.716 [main] DEBUG io.netty.buffer.PooledByteBufAllocator - -Dio.netty.allocator.useCacheForAllThreads: false
16:44:14.716 [main] DEBUG io.netty.buffer.PooledByteBufAllocator - -Dio.netty.allocator.maxCachedByteBuffersPerChunk: 1023
16:44:14.723 [main] DEBUG io.netty.buffer.ByteBufUtil - -Dio.netty.allocator.type: pooled
16:44:14.723 [main] DEBUG io.netty.buffer.ByteBufUtil - -Dio.netty.threadLocalDirectBufferSize: 0
16:44:14.724 [main] DEBUG io.netty.buffer.ByteBufUtil - -Dio.netty.maxThreadLocalCharBufferSize: 16384
16:44:14.994 [Forwarding newSession on session null to remote] DEBUG io.netty.channel.DefaultChannelId - -Dio.netty.processId: 28134 (auto-detected)
16:44:14.996 [Forwarding newSession on session null to remote] DEBUG io.netty.util.NetUtil - -Djava.net.preferIPv4Stack: false
16:44:14.996 [Forwarding newSession on session null to remote] DEBUG io.netty.util.NetUtil - -Djava.net.preferIPv6Addresses: false
16:44:15.000 [Forwarding newSession on session null to remote] DEBUG io.netty.util.NetUtilInitializations - Loopback interface: lo0 (lo0, 0:0:0:0:0:0:0:1%lo0)
16:44:15.001 [Forwarding newSession on session null to remote] DEBUG io.netty.util.NetUtil - Failed to get SOMAXCONN from sysctl and file /proc/sys/net/core/somaxconn. Default: 128
16:44:15.004 [Forwarding newSession on session null to remote] DEBUG io.netty.channel.DefaultChannelId - -Dio.netty.machineId: d4:57:63:ff:fe:d1:d3:e7 (auto-detected)
16:44:15.072 [AsyncHttpClient-1-2] DEBUG io.netty.buffer.AbstractByteBuf - -Dio.netty.buffer.checkAccessible: true
16:44:15.074 [AsyncHttpClient-1-2] DEBUG io.netty.buffer.AbstractByteBuf - -Dio.netty.buffer.checkBounds: true
16:44:15.074 [AsyncHttpClient-1-2] DEBUG io.netty.util.ResourceLeakDetectorFactory - Loaded default ResourceLeakDetector: io.netty.util.ResourceLeakDetector@6bf032ca
16:44:15.101 [AsyncHttpClient-1-2] DEBUG io.netty.util.Recycler - -Dio.netty.recycler.maxCapacityPerThread: 4096
16:44:15.101 [AsyncHttpClient-1-2] DEBUG io.netty.util.Recycler - -Dio.netty.recycler.ratio: 8
16:44:15.101 [AsyncHttpClient-1-2] DEBUG io.netty.util.Recycler - -Dio.netty.recycler.chunkSize: 32
16:44:15.101 [AsyncHttpClient-1-2] DEBUG io.netty.util.Recycler - -Dio.netty.recycler.blocking: false
16:44:20.117 [AsyncHttpClient-1-2] DEBUG io.netty.handler.codec.compression.Brotli - brotli4j not in the classpath; Brotli support will be unavailable.
16:44:20.220 [main] DEBUG io.netty.util.internal.ThreadLocalRandom - -Dio.netty.initialSeedUniquifier: 0x2f1e10c5787f637e
16:44:22.594 [main] INFO  testCases.TC_001_AccountRegistrationTest - *** TC_001_AccountRegistrationTest ***
16:44:23.407 [main] INFO  testCases.TC_001_AccountRegistrationTest - Clicked on MyAccount
16:44:28.191 [main] INFO  testCases.TC_001_AccountRegistrationTest - Clicked on Register
16:44:31.965 [main] INFO  testCases.TC_001_AccountRegistrationTest - Provided user info
18:17:24.364 [main] INFO  testCases.TC_001_AccountRegistrationTest - *** TC_001_AccountRegistrationTest ***
18:17:25.562 [main] INFO  testCases.TC_001_AccountRegistrationTest - Clicked on MyAccount
18:17:29.890 [main] INFO  testCases.TC_001_AccountRegistrationTest - Clicked on Register
18:17:33.069 [main] INFO  testCases.TC_001_AccountRegistrationTest - Provided user info
18:21:20.828 [main] INFO  testCases.TC_001_AccountRegistrationTest - *** TC_001_AccountRegistrationTest ***
18:21:21.711 [main] INFO  testCases.TC_001_AccountRegistrationTest - Clicked on MyAccount
18:21:27.288 [main] INFO  testCases.TC_001_AccountRegistrationTest - Clicked on Register
18:21:30.298 [main] INFO  testCases.TC_001_AccountRegistrationTest - Provided user info
18:21:38.730 [main] INFO  testCases.TC_001_AccountRegistrationTest - *** TC_001_AccountRegistrationTest ***
18:21:40.034 [main] INFO  testCases.TC_001_AccountRegistrationTest - Clicked on MyAccount
18:21:44.835 [main] INFO  testCases.TC_001_AccountRegistrationTest - Clicked on Register
18:21:47.498 [main] INFO  testCases.TC_001_AccountRegistrationTest - Provided user info
18:25:54.681 [main] INFO  testCases.TC_001_AccountRegistrationTest - *** TC_001_AccountRegistrationTest ***
18:25:55.535 [main] INFO  testCases.TC_001_AccountRegistrationTest - Clicked on MyAccount
18:25:59.716 [main] INFO  testCases.TC_001_AccountRegistrationTest - Clicked on Register
18:26:05.139 [main] INFO  testCases.TC_001_AccountRegistrationTest - Provided user info
18:29:10.965 [main] INFO  testCases.TC_001_AccountRegistrationTest - *** TC_001_AccountRegistrationTest ***
18:29:11.795 [main] INFO  testCases.TC_001_AccountRegistrationTest - Clicked on MyAccount
18:29:16.793 [main] INFO  testCases.TC_001_AccountRegistrationTest - Clicked on Register
18:29:20.212 [main] INFO  testCases.TC_001_AccountRegistrationTest - Provided user info
18:29:29.574 [main] INFO  testCases.TC_001_AccountRegistrationTest - *** TC_001_AccountRegistrationTest ***
18:29:30.465 [main] INFO  testCases.TC_001_AccountRegistrationTest - Clicked on MyAccount
18:29:35.311 [main] INFO  testCases.TC_001_AccountRegistrationTest - Clicked on Register
18:29:38.224 [main] INFO  testCases.TC_001_AccountRegistrationTest - Provided user info
18:34:28.679 [main] INFO  testCases.TC_001_AccountRegistrationTest - *** TC_001_AccountRegistrationTest ***
18:34:29.530 [main] INFO  testCases.TC_001_AccountRegistrationTest - Clicked on MyAccount
18:34:34.453 [main] INFO  testCases.TC_001_AccountRegistrationTest - Clicked on Register
18:34:38.016 [main] INFO  testCases.TC_001_AccountRegistrationTest - Provided user info
18:34:47.013 [main] INFO  testCases.TC_001_AccountRegistrationTest - *** TC_001_AccountRegistrationTest ***
18:34:47.885 [main] INFO  testCases.TC_001_AccountRegistrationTest - Clicked on MyAccount
18:34:51.710 [main] INFO  testCases.TC_001_AccountRegistrationTest - Clicked on Register
18:34:55.940 [main] INFO  testCases.TC_001_AccountRegistrationTest - Provided user info
18:53:23.738 [main] INFO  testCases.TC_001_AccountRegistrationTest - *** TC_001_AccountRegistrationTest ***
18:53:24.936 [main] INFO  testCases.TC_001_AccountRegistrationTest - Clicked on MyAccount
18:53:28.127 [main] INFO  testCases.TC_001_AccountRegistrationTest - Clicked on Register
18:53:35.696 [main] INFO  testCases.TC_001_AccountRegistrationTest - *** TC_001_AccountRegistrationTest ***
18:53:36.498 [main] INFO  testCases.TC_001_AccountRegistrationTest - Clicked on MyAccount
18:53:37.102 [main] INFO  testCases.TC_001_AccountRegistrationTest - Clicked on Register
18:54:23.554 [main] INFO  testCases.TC_001_AccountRegistrationTest - *** TC_001_AccountRegistrationTest ***
18:54:24.520 [main] INFO  testCases.TC_001_AccountRegistrationTest - Clicked on MyAccount
18:54:30.124 [main] INFO  testCases.TC_001_AccountRegistrationTest - Clicked on Register
18:54:33.944 [main] INFO  testCases.TC_001_AccountRegistrationTest - Provided user info
18:54:42.150 [main] INFO  testCases.TC_001_AccountRegistrationTest - *** TC_001_AccountRegistrationTest ***
18:54:43.218 [main] INFO  testCases.TC_001_AccountRegistrationTest - Clicked on MyAccount
18:54:44.352 [main] INFO  testCases.TC_001_AccountRegistrationTest - Clicked on Register
18:55:57.923 [main] INFO  testCases.TC_001_AccountRegistrationTest - *** TC_001_AccountRegistrationTest ***
18:55:58.737 [main] INFO  testCases.TC_001_AccountRegistrationTest - Clicked on MyAccount
18:56:03.714 [main] INFO  testCases.TC_001_AccountRegistrationTest - Clicked on Register
18:56:07.030 [main] INFO  testCases.TC_001_AccountRegistrationTest - Provided user info
18:56:16.175 [main] INFO  testCases.TC_001_AccountRegistrationTest - *** TC_001_AccountRegistrationTest ***
18:56:16.954 [main] INFO  testCases.TC_001_AccountRegistrationTest - Clicked on MyAccount
18:56:22.455 [main] INFO  testCases.TC_001_AccountRegistrationTest - Clicked on Register
18:56:25.964 [main] INFO  testCases.TC_001_AccountRegistrationTest - Provided user info
18:57:22.137 [TestNG-tests-2] INFO  testCases.TC_001_AccountRegistrationTest - *** TC_001_AccountRegistrationTest ***
18:57:22.540 [TestNG-tests-1] INFO  testCases.TC_001_AccountRegistrationTest - *** TC_001_AccountRegistrationTest ***
18:57:23.526 [TestNG-tests-2] INFO  testCases.TC_001_AccountRegistrationTest - Clicked on MyAccount
18:57:23.614 [TestNG-tests-1] INFO  testCases.TC_001_AccountRegistrationTest - Clicked on MyAccount
18:57:29.547 [TestNG-tests-1] INFO  testCases.TC_001_AccountRegistrationTest - Clicked on Register
18:57:32.422 [TestNG-tests-2] INFO  testCases.TC_001_AccountRegistrationTest - Clicked on Register
18:57:37.124 [TestNG-tests-2] INFO  testCases.TC_001_AccountRegistrationTest - Provided user info
18:57:37.598 [TestNG-tests-1] INFO  testCases.TC_001_AccountRegistrationTest - Provided user info
18:58:04.819 [TestNG-tests-1] INFO  testCases.TC_001_AccountRegistrationTest - *** TC_001_AccountRegistrationTest ***
18:58:05.662 [TestNG-tests-2] INFO  testCases.TC_001_AccountRegistrationTest - *** TC_001_AccountRegistrationTest ***
18:58:06.393 [TestNG-tests-1] INFO  testCases.TC_001_AccountRegistrationTest - Clicked on MyAccount
18:58:06.987 [TestNG-tests-2] INFO  testCases.TC_001_AccountRegistrationTest - Clicked on MyAccount
18:58:14.413 [TestNG-tests-1] INFO  testCases.TC_001_AccountRegistrationTest - Clicked on Register
18:58:14.754 [TestNG-tests-2] INFO  testCases.TC_001_AccountRegistrationTest - Clicked on Register
18:58:21.196 [TestNG-tests-2] INFO  testCases.TC_001_AccountRegistrationTest - Provided user info
18:58:21.654 [TestNG-tests-1] INFO  testCases.TC_001_AccountRegistrationTest - Provided user info
18:58:23.798 [TestNG-tests-2] INFO  testCases.TC_001_AccountRegistrationTest - Clicked on 
19:13:07.168 [TestNG-tests-2] INFO  testCases.TC_001_AccountRegistrationTest - *** TC_001_AccountRegistrationTest ***
19:13:08.415 [TestNG-tests-2] INFO  testCases.TC_001_AccountRegistrationTest - Clicked on MyAccount
19:13:08.757 [TestNG-tests-1] INFO  testCases.TC_001_AccountRegistrationTest - *** TC_001_AccountRegistrationTest ***
19:13:09.957 [TestNG-tests-1] INFO  testCases.TC_001_AccountRegistrationTest - Clicked on MyAccount
19:13:15.554 [TestNG-tests-1] INFO  testCases.TC_001_AccountRegistrationTest - Clicked on Register
19:13:16.606 [TestNG-tests-2] INFO  testCases.TC_001_AccountRegistrationTest - Clicked on Register
19:13:19.451 [TestNG-tests-1] INFO  testCases.TC_001_AccountRegistrationTest - Provided user info
19:13:21.610 [TestNG-tests-2] INFO  testCases.TC_001_AccountRegistrationTest - Provided user info
17:36:26.297 [main] INFO  testCases.TC_001_AccountRegistrationTest - *** TC_001_AccountRegistrationTest ***
17:36:27.238 [main] INFO  testCases.TC_001_AccountRegistrationTest - Clicked on MyAccount
17:36:31.298 [main] INFO  testCases.TC_001_AccountRegistrationTest - Clicked on Register
17:36:35.471 [main] INFO  testCases.TC_001_AccountRegistrationTest - Provided user info
17:39:57.339 [main] INFO  testCases.TC_001_AccountRegistrationTest - *** TC_001_AccountRegistrationTest ***
17:39:58.158 [main] INFO  testCases.TC_001_AccountRegistrationTest - Clicked on MyAccount
17:40:03.550 [main] INFO  testCases.TC_001_AccountRegistrationTest - Clicked on Register
17:40:06.867 [main] INFO  testCases.TC_001_AccountRegistrationTest - Provided user info
17:46:11.250 [main] INFO  testCases.TC_001_AccountRegistrationTest - *** TC_001_AccountRegistrationTest ***
17:46:12.145 [main] INFO  testCases.TC_001_AccountRegistrationTest - Clicked on MyAccount
17:46:17.592 [main] INFO  testCases.TC_001_AccountRegistrationTest - Clicked on Register
17:46:20.933 [main] INFO  testCases.TC_001_AccountRegistrationTest - Provided user info
18:21:50.381 [main] INFO  testCases.TC_002_LoginTest - Starting TC_002_LoginTest
18:24:52.757 [main] INFO  testCases.TC_002_LoginTest - Starting TC_002_LoginTest
18:27:32.851 [main] INFO  testCases.TC_002_LoginTest - Starting TC_002_LoginTest
20:28:51.675 [main] INFO  testCases.TC_001_AccountRegistrationTest - *** TC_001_AccountRegistrationTest ***
20:28:52.508 [main] INFO  testCases.TC_001_AccountRegistrationTest - Clicked on MyAccount
20:28:57.498 [main] INFO  testCases.TC_001_AccountRegistrationTest - Clicked on Register
20:29:00.977 [main] INFO  testCases.TC_001_AccountRegistrationTest - Provided user info
20:29:10.799 [main] INFO  testCases.TC_002_LoginTest - Starting TC_002_LoginTest
20:30:30.794 [main] INFO  testCases.TC_002_LoginTest - Starting TC_002_LoginTest
20:32:18.546 [main] INFO  testCases.TC_001_AccountRegistrationTest - *** TC_001_AccountRegistrationTest ***
20:32:19.388 [main] INFO  testCases.TC_001_AccountRegistrationTest - Clicked on MyAccount
20:32:24.944 [main] INFO  testCases.TC_001_AccountRegistrationTest - Clicked on Register
20:32:27.957 [main] INFO  testCases.TC_001_AccountRegistrationTest - Provided user info
20:32:36.299 [main] INFO  testCases.TC_002_LoginTest - Starting TC_002_LoginTest
21:38:19.488 [main] INFO  testCases.TC_002_LoginTest - Starting TC_002_LoginTest
21:49:02.668 [main] INFO  testCases.TC_002_LoginTest - Starting TC_002_LoginTest
21:55:28.947 [main] INFO  testCases.TC_002_LoginTest - Starting TC_002_LoginTest
22:10:07.062 [main] INFO  testCases.TC_002_LoginTest - Starting TC_002_LoginTest
19:20:16.579 [main] INFO  testCases.TC_002_LoginTest - Starting TC_002_LoginTest
19:30:21.963 [main] INFO  testCases.TC_002_LoginTest - Starting TC_002_LoginTest
13:49:31.468 [main] INFO  testCases.TC_002_LoginTest - Starting TC_002_LoginTest
23:50:46.501 [main] INFO  testCases.TC_002_LoginTest - Starting TC_002_LoginTest
23:51:30.240 [main] INFO  testCases.TC_002_LoginTest - Starting TC_002_LoginTest
